Build started 2016-02-02 오후 8:01:14.
     1>Project "D:\Works\CelluonProject\smartprojector\SmartProjector.vcxproj" on node 2 (Build target(s)).
     1>ClCompile:
         C:\Program Files (x86)\Microsoft Visual Studio 12.0\VC\bin\x86_amd64\CL.exe /c /I. /IC:\_program\opencv\build\include\opencv /IC:\_program\opencv\build\include /I"C:\_program\libfreenect2-master\include" /I"C:\_program\libfreenect2-master\include\internal" /I"C:\_program\libfreenect2-master\build" /I"C:\_program\libfreenect2-master\src\tinythread" /I"C:\_program\libfreenect2-master\depends\libusb\libusb" /I"C:\_program\libfreenect2-master\depends\libjpeg-turbo64\include" /I"C:/_program/libfreenect2-masterldepends/glfw/include" /IC:/Program /IFiles /I"(x86)/Intel/OpenCL" /ISDK/4.6/include /IC:\Qt\Qt5.5.1\5.5\msvc2013_64\include /IC:\Qt\Qt5.5.1\5.5\msvc2013_64\include\QtWidgets /IC:\Qt\Qt5.5.1\5.5\msvc2013_64\include\QtGui /IC:\Qt\Qt5.5.1\5.5\msvc2013_64\include\QtANGLE /IC:\Qt\Qt5.5.1\5.5\msvc2013_64\include\QtCore /Irelease /I. /I"C:\Qt\Qt5.5.1\5.5\msvc2013_64\mkspecs\win32-msvc2013" /nologo /W3 /WX- /O2 /D _WINDOWS /D UNICODE /D WIN32 /D QT_NO_DEBUG /D QT_WIDGETS_LIB /D QT_GUI_LIB /D QT_CORE_LIB /D NDEBUG /Gm- /EHsc /MD /GS /fp:precise /Zc:wchar_t /Zc:forScope /GR /Fo"release\\" /Gd /TP /errorReport:prompt -Zc:strictStrings -w34100 -w34189 -w44996 SmartProjectorMainWindow.cpp
         SmartProjectorMainWindow.cpp
     1>c:\_program\opencv\build\include\opencv2\flann\dist.h : warning C4819: The file contains a character that cannot be represented in the current code page (949). Save the file in Unicode format to prevent data loss
     1>C:\_program\libfreenect2-master\include\libfreenect2/frame_listener.hpp(67): warning C4146: unary minus operator applied to unsigned type, result still unsigned
     1>d:\works\celluonproject\smartprojector\SmartProjectorMainWindow.h(78): warning C4100: 'd' : unreferenced formal parameter
     1>d:\works\celluonproject\smartprojector\SmartProjectorMainWindow.h(82): warning C4100: 'd' : unreferenced formal parameter
     1>SmartProjectorMainWindow.cpp(155): warning C4305: '=' : truncation from 'double' to 'float'
     1>SmartProjectorMainWindow.cpp(156): warning C4305: '=' : truncation from 'double' to 'float'
     1>SmartProjectorMainWindow.cpp(192): warning C4189: 'viewer_enabled' : local variable is initialized but not referenced
     1>SmartProjectorMainWindow.cpp(229): warning C4267: 'argument' : conversion from 'size_t' to 'int', possible loss of data
     1>SmartProjectorMainWindow.cpp(255): warning C4267: 'argument' : conversion from 'size_t' to 'int', possible loss of data
     1>SmartProjectorMainWindow.cpp(256): warning C4267: 'argument' : conversion from 'size_t' to 'int', possible loss of data
     1>SmartProjectorMainWindow.cpp(257): warning C4267: 'argument' : conversion from 'size_t' to 'int', possible loss of data
     1>SmartProjectorMainWindow.cpp(258): warning C4267: 'argument' : conversion from 'size_t' to 'int', possible loss of data
     1>SmartProjectorMainWindow.cpp(299): warning C4267: 'argument' : conversion from 'size_t' to 'int', possible loss of data
     1>SmartProjectorMainWindow.cpp(300): warning C4267: 'argument' : conversion from 'size_t' to 'int', possible loss of data
     1>SmartProjectorMainWindow.cpp(301): warning C4267: 'argument' : conversion from 'size_t' to 'int', possible loss of data
     1>SmartProjectorMainWindow.cpp(302): warning C4267: 'argument' : conversion from 'size_t' to 'int', possible loss of data
     1>SmartProjectorMainWindow.cpp(338): warning C4267: 'argument' : conversion from 'size_t' to 'int', possible loss of data
     1>SmartProjectorMainWindow.cpp(343): warning C4267: 'argument' : conversion from 'size_t' to 'int', possible loss of data
     1>SmartProjectorMainWindow.cpp(376): warning C4267: 'argument' : conversion from 'size_t' to 'int', possible loss of data
     1>SmartProjectorMainWindow.cpp(246): warning C4189: 'ir' : local variable is initialized but not referenced
     1>SmartProjectorMainWindow.cpp(329): warning C4189: 'ir' : local variable is initialized but not referenced
     1>SmartProjectorMainWindow.cpp(436): warning C4267: 'argument' : conversion from 'size_t' to 'int', possible loss of data
     1>SmartProjectorMainWindow.cpp(460): warning C4267: 'argument' : conversion from 'size_t' to 'int', possible loss of data
     1>SmartProjectorMainWindow.cpp(806): warning C4267: '=' : conversion from 'size_t' to 'unsigned int', possible loss of data
     1>SmartProjectorMainWindow.cpp(801): warning C4101: 'i' : unreferenced local variable
     1>SmartProjectorMainWindow.cpp(801): warning C4101: 'j' : unreferenced local variable
     1>SmartProjectorMainWindow.cpp(953): warning C4267: '=' : conversion from 'size_t' to 'unsigned int', possible loss of data
     1>SmartProjectorMainWindow.cpp(1060): warning C4267: 'argument' : conversion from 'size_t' to 'int', possible loss of data
       Link:
         C:\Program Files (x86)\Microsoft Visual Studio 12.0\VC\bin\x86_amd64\link.exe /ERRORREPORT:PROMPT /OUT:"D:\Works\CelluonProject\smartprojector\x64\Release\\SmartProjector.exe" /INCREMENTAL:NO /NOLOGO /LIBPATH:C:\Qt\Qt5.5.1\5.5\msvc2013_64\lib /LIBPATH:C:/Qt/Qt5.5.1/5.5/msvc2013_64/lib C:\Qt\Qt5.5.1\5.5\msvc2013_64\lib\qtmain.lib shell32.lib C:/Qt/Qt5.5.1/5.5/msvc2013_64/lib\Qt5Core.lib C:/_program/opencv/build/x64/vc12/lib/opencv_calib3d249.lib C:/_program/opencv/build/x64/vc12/lib/opencv_contrib249.lib C:/_program/opencv/build/x64/vc12/lib/opencv_core249.lib C:/_program/opencv/build/x64/vc12/lib/opencv_features2d249.lib C:/_program/opencv/build/x64/vc12/lib/opencv_flann249.lib C:/_program/opencv/build/x64/vc12/lib/opencv_gpu249.lib C:/_program/opencv/build/x64/vc12/lib/opencv_highgui249.lib C:/_program/opencv/build/x64/vc12/lib/opencv_imgproc249.lib C:/_program/opencv/build/x64/vc12/lib/opencv_legacy249.lib C:/_program/opencv/build/x64/vc12/lib/opencv_ml249.lib C:/_program/opencv/build/x64/vc12/lib/opencv_nonfree249.lib C:/_program/opencv/build/x64/vc12/lib/opencv_objdetect249.lib C:/_program/opencv/build/x64/vc12/lib/opencv_photo249.lib C:/_program/opencv/build/x64/vc12/lib/opencv_stitching249.lib C:/_program/opencv/build/x64/vc12/lib/opencv_superres249.lib C:/_program/opencv/build/x64/vc12/lib/opencv_ts249.lib C:/_program/opencv/build/x64/vc12/lib/opencv_video249.lib C:/_program/opencv/build/x64/vc12/lib/opencv_videostab249.lib "C:/_program/libfreenect2-master/build/lib/Release/freenect2.lib" "C:/_program/libfreenect2-master/depends/glfw/lib-vc2013/glfw3dll.lib" "C:/_program/libfreenect2-master/depends/libjpeg-turbo64/lib/turbojpeg.lib" "C:/_program/libfreenect2-master/depends/libusb/x64/Release/dll/libusb-1.0.lib" "C:/Program Files (x86)/Intel/OpenCL SDK/4.6/lib/x64/OpenCL.lib" C:\Qt\Qt5.5.1\5.5\msvc2013_64\lib\Qt5Widgets.lib C:\Qt\Qt5.5.1\5.5\msvc2013_64\lib\Qt5Gui.lib C:\Qt\Qt5.5.1\5.5\msvc2013_64\lib\Qt5Core.lib kernel32.lib user32.lib gdi32.lib winspool.lib comdlg32.lib advapi32.lib shell32.lib ole32.lib oleaut32.lib uuid.lib odbc32.lib odbccp32.lib /MANIFEST /MANIFESTUAC:"level='asInvoker' uiAccess='false'" /manifest:embed /PDB:"D:\Works\CelluonProject\smartprojector\x64\Release\SmartProjector.pdb" /SUBSYSTEM:WINDOWS /TLBID:1 /DYNAMICBASE /NXCOMPAT /MACHINE:X64 "/MANIFESTDEPENDENCY:type='win32' name='Microsoft.Windows.Common-Controls' version='6.0.0.0' publicKeyToken='6595b64144ccf1df' language='*' processorArchitecture='*'" release\QImageWidget.obj
         release\SmartProjectorMainWindow.obj
         release\main.obj
         release\optimalRectDDJ.obj
         release\moc_QImageWidget.obj
         release\moc_SmartProjectorMainWindow.obj
         release\qrc_SmartProjectorMainWindow.obj
         SmartProjector.vcxproj -> D:\Works\CelluonProject\smartprojector\x64\Release\SmartProjector.exe
     1>Done Building Project "D:\Works\CelluonProject\smartprojector\SmartProjector.vcxproj" (Build target(s)).

Build succeeded.

Time Elapsed 00:00:03.40
