빌드 시작: 2015-10-19 오전 6:20:12
     1>2 노드의 "C:\_program\smartprojector\SmartProjector.vcxproj" 프로젝트(Build 대상)입니다.
     1>CustomBuild:
         MOC QImageWidget.h
         MOC SmartProjectorMainWindow.h
         UIC SmartProjectorMainWindow.ui
         RCC SmartProjectorMainWindow.qrc
     1>C:\Program Files (x86)\MSBuild\Microsoft.Cpp\v4.0\V120\Microsoft.CppBuild.targets(935,5): warning MSB8027: Two or more files with the name of moc_QImageWidget.cpp will produce outputs to the same location. This can lead to an incorrect build result.  The files involved are debug\moc_QImageWidget.cpp, release\moc_QImageWidget.cpp.
     1>C:\Program Files (x86)\MSBuild\Microsoft.Cpp\v4.0\V120\Microsoft.CppBuild.targets(935,5): warning MSB8027: Two or more files with the name of moc_SmartProjectorMainWindow.cpp will produce outputs to the same location. This can lead to an incorrect build result.  The files involved are debug\moc_SmartProjectorMainWindow.cpp, release\moc_SmartProjectorMainWindow.cpp.
     1>C:\Program Files (x86)\MSBuild\Microsoft.Cpp\v4.0\V120\Microsoft.CppBuild.targets(935,5): warning MSB8027: Two or more files with the name of qrc_SmartProjectorMainWindow.cpp will produce outputs to the same location. This can lead to an incorrect build result.  The files involved are debug\qrc_SmartProjectorMainWindow.cpp, release\qrc_SmartProjectorMainWindow.cpp.
       ClCompile:
         C:\Program Files (x86)\Microsoft Visual Studio 12.0\VC\bin\x86_amd64\CL.exe /c /I. /I..\opencv\build\include\opencv /I..\opencv\build\include /I"..\libfreenect2-master\include" /I"..\libfreenect2-master\include\internal" /I"..\libfreenect2-master\build" /I"..\libfreenect2-master\src\tinythread" /I"..\libfreenect2-master\depends\libusb\libusb" /I"..\libfreenect2-master\depends\libjpeg-turbo64\include" /I"..\libfreenect2-master\depends\glfw\include" /IC:/Program /IFiles /I"(x86)/Intel/OpenCL" /ISDK/4.6/include /I..\..\Qt\Qt5.5.1\5.5\msvc2013_64\include /I..\..\Qt\Qt5.5.1\5.5\msvc2013_64\include\QtWidgets /I..\..\Qt\Qt5.5.1\5.5\msvc2013_64\include\QtGui /I..\..\Qt\Qt5.5.1\5.5\msvc2013_64\include\QtANGLE /I..\..\Qt\Qt5.5.1\5.5\msvc2013_64\include\QtCore /Idebug /I. /I"..\..\Qt\Qt5.5.1\5.5\msvc2013_64\mkspecs\win32-msvc2013" /Zi /nologo /W3 /WX- /Od /D _WINDOWS /D UNICODE /D WIN32 /D WIN64 /D QT_WIDGETS_LIB /D QT_GUI_LIB /D QT_CORE_LIB /Gm- /EHsc /MDd /GS /fp:precise /Zc:wchar_t /Zc:forScope /GR /Fo"debug\\" /Fd"debug\vc120.pdb" /Gd /TP /errorReport:prompt -w34100 -w34189 -w44996 QImageWidget.cpp SmartProjectorMainWindow.cpp main.cpp optimalRectDDJ.cpp debug\moc_QImageWidget.cpp debug\moc_SmartProjectorMainWindow.cpp debug\qrc_SmartProjectorMainWindow.cpp
         QImageWidget.cpp
     1>c:\_program\opencv\build\include\opencv2\flann\dist.h : warning C4819: 현재 코드 페이지(949)에서 표시할 수 없는 문자가 파일에 들어 있습니다. 데이터가 손실되지 않게 하려면 해당 파일을 유니코드 형식으로 저장하십시오.
     1>QImageWidget.cpp(42): warning C4100: 'event' : 참조되지 않은 정식 매개 변수입니다.
     1>QImageWidget.cpp(48): warning C4100: 'event' : 참조되지 않은 정식 매개 변수입니다.
         SmartProjectorMainWindow.cpp
     1>c:\_program\opencv\build\include\opencv2\flann\dist.h : warning C4819: 현재 코드 페이지(949)에서 표시할 수 없는 문자가 파일에 들어 있습니다. 데이터가 손실되지 않게 하려면 해당 파일을 유니코드 형식으로 저장하십시오.
     1>C:\_program\libfreenect2-master\include\libfreenect2/frame_listener.hpp(67): warning C4146: 단항 빼기 연산자가 부호 없는 형식에 적용되었습니다. 결과는 역시 unsigned입니다.
     1>c:\_program\smartprojector\SmartProjectorMainWindow.h(97): warning C4100: 'd' : 참조되지 않은 정식 매개 변수입니다.
     1>SmartProjectorMainWindow.cpp(160): warning C4305: '=' : 'double'에서 'float'(으)로 잘립니다.
     1>SmartProjectorMainWindow.cpp(161): warning C4305: '=' : 'double'에서 'float'(으)로 잘립니다.
     1>SmartProjectorMainWindow.cpp(187): warning C4100: 'value' : 참조되지 않은 정식 매개 변수입니다.
     1>SmartProjectorMainWindow.cpp(208): warning C4267: '인수' : 'size_t'에서 'int'(으)로 변환하면서 데이터가 손실될 수 있습니다.
     1>SmartProjectorMainWindow.cpp(209): warning C4267: '인수' : 'size_t'에서 'int'(으)로 변환하면서 데이터가 손실될 수 있습니다.
     1>SmartProjectorMainWindow.cpp(210): warning C4267: '인수' : 'size_t'에서 'int'(으)로 변환하면서 데이터가 손실될 수 있습니다.
     1>SmartProjectorMainWindow.cpp(211): warning C4267: '인수' : 'size_t'에서 'int'(으)로 변환하면서 데이터가 손실될 수 있습니다.
     1>SmartProjectorMainWindow.cpp(259): warning C4189: 'viewer_enabled' : 지역 변수가 초기화되었으나 참조되지 않았습니다.
     1>SmartProjectorMainWindow.cpp(346): warning C4267: '인수' : 'size_t'에서 'int'(으)로 변환하면서 데이터가 손실될 수 있습니다.
     1>SmartProjectorMainWindow.cpp(347): warning C4267: '인수' : 'size_t'에서 'int'(으)로 변환하면서 데이터가 손실될 수 있습니다.
     1>SmartProjectorMainWindow.cpp(348): warning C4267: '인수' : 'size_t'에서 'int'(으)로 변환하면서 데이터가 손실될 수 있습니다.
     1>SmartProjectorMainWindow.cpp(349): warning C4267: '인수' : 'size_t'에서 'int'(으)로 변환하면서 데이터가 손실될 수 있습니다.
     1>SmartProjectorMainWindow.cpp(405): warning C4267: '인수' : 'size_t'에서 'int'(으)로 변환하면서 데이터가 손실될 수 있습니다.
     1>SmartProjectorMainWindow.cpp(460): warning C4267: '인수' : 'size_t'에서 'int'(으)로 변환하면서 데이터가 손실될 수 있습니다.
     1>SmartProjectorMainWindow.cpp(482): warning C4267: '인수' : 'size_t'에서 'int'(으)로 변환하면서 데이터가 손실될 수 있습니다.
     1>SmartProjectorMainWindow.cpp(923): warning C4267: '=' : 'size_t'에서 'unsigned int'(으)로 변환하면서 데이터가 손실될 수 있습니다.
     1>SmartProjectorMainWindow.cpp(811): warning C4100: 'userDepth' : 참조되지 않은 정식 매개 변수입니다.
     1>SmartProjectorMainWindow.cpp(963): warning C4267: '=' : 'size_t'에서 'unsigned int'(으)로 변환하면서 데이터가 손실될 수 있습니다.
     1>SmartProjectorMainWindow.cpp(1109): warning C4267: '=' : 'size_t'에서 'unsigned int'(으)로 변환하면서 데이터가 손실될 수 있습니다.
     1>SmartProjectorMainWindow.cpp(1253): warning C4267: '인수' : 'size_t'에서 'int'(으)로 변환하면서 데이터가 손실될 수 있습니다.
     1>SmartProjectorMainWindow.cpp(1306): warning C4189: 'fyRatio' : 지역 변수가 초기화되었으나 참조되지 않았습니다.
     1>SmartProjectorMainWindow.cpp(1305): warning C4189: 'fxRatio' : 지역 변수가 초기화되었으나 참조되지 않았습니다.
         main.cpp
     1>c:\_program\opencv\build\include\opencv2\flann\dist.h : warning C4819: 현재 코드 페이지(949)에서 표시할 수 없는 문자가 파일에 들어 있습니다. 데이터가 손실되지 않게 하려면 해당 파일을 유니코드 형식으로 저장하십시오.
     1>C:\_program\libfreenect2-master\include\libfreenect2/frame_listener.hpp(67): warning C4146: 단항 빼기 연산자가 부호 없는 형식에 적용되었습니다. 결과는 역시 unsigned입니다.
     1>c:\_program\smartprojector\SmartProjectorMainWindow.h(97): warning C4100: 'd' : 참조되지 않은 정식 매개 변수입니다.
         optimalRectDDJ.cpp
     1>c:\_program\opencv\build\include\opencv2\flann\dist.h : warning C4819: 현재 코드 페이지(949)에서 표시할 수 없는 문자가 파일에 들어 있습니다. 데이터가 손실되지 않게 하려면 해당 파일을 유니코드 형식으로 저장하십시오.
         moc_QImageWidget.cpp
     1>c:\_program\opencv\build\include\opencv2\flann\dist.h : warning C4819: 현재 코드 페이지(949)에서 표시할 수 없는 문자가 파일에 들어 있습니다. 데이터가 손실되지 않게 하려면 해당 파일을 유니코드 형식으로 저장하십시오.
         moc_SmartProjectorMainWindow.cpp
     1>c:\_program\opencv\build\include\opencv2\flann\dist.h : warning C4819: 현재 코드 페이지(949)에서 표시할 수 없는 문자가 파일에 들어 있습니다. 데이터가 손실되지 않게 하려면 해당 파일을 유니코드 형식으로 저장하십시오.
     1>C:\_program\libfreenect2-master\include\libfreenect2/frame_listener.hpp(67): warning C4146: 단항 빼기 연산자가 부호 없는 형식에 적용되었습니다. 결과는 역시 unsigned입니다.
     1>c:\_program\smartprojector\debug\../SmartProjectorMainWindow.h(97): warning C4100: 'd' : 참조되지 않은 정식 매개 변수입니다.
         qrc_SmartProjectorMainWindow.cpp
         코드를 생성하고 있습니다...
       Link:
         C:\Program Files (x86)\Microsoft Visual Studio 12.0\VC\bin\x86_amd64\link.exe /ERRORREPORT:PROMPT /OUT:"output\\SmartProjectorD.exe" /NOLOGO /LIBPATH:C:\Qt\Qt5.5.1\5.5\msvc2013_64\lib /LIBPATH:C:/Qt/Qt5.5.1/5.5/msvc2013_64/lib C:\Qt\Qt5.5.1\5.5\msvc2013_64\lib\qtmaind.lib shell32.lib C:/Qt/Qt5.5.1/5.5/msvc2013_64/lib\Qt5Cored.lib C:/_program/opencv/build/x64/vc12/lib/opencv_calib3d249d.lib C:/_program/opencv/build/x64/vc12/lib/opencv_contrib249d.lib C:/_program/opencv/build/x64/vc12/lib/opencv_core249d.lib C:/_program/opencv/build/x64/vc12/lib/opencv_features2d249d.lib C:/_program/opencv/build/x64/vc12/lib/opencv_flann249d.lib C:/_program/opencv/build/x64/vc12/lib/opencv_gpu249d.lib C:/_program/opencv/build/x64/vc12/lib/opencv_highgui249d.lib C:/_program/opencv/build/x64/vc12/lib/opencv_imgproc249d.lib C:/_program/opencv/build/x64/vc12/lib/opencv_legacy249d.lib C:/_program/opencv/build/x64/vc12/lib/opencv_ml249d.lib C:/_program/opencv/build/x64/vc12/lib/opencv_nonfree249d.lib C:/_program/opencv/build/x64/vc12/lib/opencv_objdetect249d.lib C:/_program/opencv/build/x64/vc12/lib/opencv_photo249d.lib C:/_program/opencv/build/x64/vc12/lib/opencv_stitching249d.lib C:/_program/opencv/build/x64/vc12/lib/opencv_superres249d.lib C:/_program/opencv/build/x64/vc12/lib/opencv_ts249d.lib C:/_program/opencv/build/x64/vc12/lib/opencv_video249d.lib C:/_program/opencv/build/x64/vc12/lib/opencv_videostab249d.lib "C:/_program/libfreenect2-master/build/lib/Debug/freenect2d.lib" "C:/_program/libfreenect2-master/depends/glfw/lib-vc2013/glfw3dll.lib" "C:/_program/libfreenect2-master/depends/libjpeg-turbo64/lib/turbojpeg.lib" "C:/_program/libfreenect2-master/depends/libusb/x64/Release/dll/libusb-1.0.lib" "C:/Program Files (x86)/Intel/OpenCL SDK/4.6/lib/x64/OpenCL.lib" C:\Qt\Qt5.5.1\5.5\msvc2013_64\lib\Qt5Widgetsd.lib C:\Qt\Qt5.5.1\5.5\msvc2013_64\lib\Qt5Guid.lib C:\Qt\Qt5.5.1\5.5\msvc2013_64\lib\Qt5Cored.lib kernel32.lib user32.lib gdi32.lib winspool.lib comdlg32.lib advapi32.lib shell32.lib ole32.lib oleaut32.lib uuid.lib odbc32.lib odbccp32.lib /MANIFEST /MANIFESTUAC:"level='asInvoker' uiAccess='false'" /manifest:embed /DEBUG /PDB:"output\SmartProjectorD.pdb" /SUBSYSTEM:WINDOWS /TLBID:1 /DYNAMICBASE /NXCOMPAT /MACHINE:X64 "/MANIFESTDEPENDENCY:type='win32' name='Microsoft.Windows.Common-Controls' version='6.0.0.0' publicKeyToken='6595b64144ccf1df' language='*' processorArchitecture='*'" debug\QImageWidget.obj
         debug\SmartProjectorMainWindow.obj
         debug\main.obj
         debug\optimalRectDDJ.obj
         debug\moc_QImageWidget.obj
         debug\moc_SmartProjectorMainWindow.obj
         debug\qrc_SmartProjectorMainWindow.obj
         SmartProjector.vcxproj -> C:\_program\smartprojector\output\SmartProjectorD.exe
     1>"C:\_program\smartprojector\SmartProjector.vcxproj" 프로젝트를 빌드했습니다(Build 대상).

빌드했습니다.

경과 시간: 00:00:59.34
